<?xml version="1.0" encoding="UTF-8"?>
<!-- Generated by org.testng.reporters.JUnitXMLReporter -->
<testsuite ignored="0" hostname="George" failures="0" tests="2" name="AssignmentOnEbay" time="42.729" errors="0" timestamp="2023-06-15T01:44:34 IST">
  <testcase classname="WorkSample.WorkSample.ProductViaSearchTest" name="EnterProductToSearch" time="8.037"/>
  <testcase classname="WorkSample.WorkSample.ProductViaCategoryTest" name="EnterPrice" time="24.56"/>
</testsuite> <!-- AssignmentOnEbay -->
