<?xml version="1.0" encoding="UTF-8"?>
<testng-results ignored="0" total="2" passed="2" failed="0" skipped="0">
  <reporter-output>
  </reporter-output>
  <suite started-at="2023-06-15T01:22:51 IST" name="Suite" finished-at="2023-06-15T01:23:19 IST" duration-ms="28600">
    <groups>
    </groups>
    <test started-at="2023-06-15T01:22:51 IST" name="Test" finished-at="2023-06-15T01:23:19 IST" duration-ms="28600">
      <class name="WorkSample.WorkSample.ProductViaSearchTest">
        <test-method is-config="true" signature="setup()[pri:0, instance:WorkSample.WorkSample.ProductViaSearchTest@245b4bdc]" started-at="2023-06-15T01:22:51 IST" name="setup" finished-at="2023-06-15T01:23:00 IST" duration-ms="8693" status="PASS">
          <reporter-output>
          </reporter-output>
        </test-method> <!-- setup -->
        <test-method signature="EnterProductToSearch(java.lang.String)[pri:0, instance:WorkSample.WorkSample.ProductViaSearchTest@245b4bdc]" started-at="2023-06-15T01:23:02 IST" name="EnterProductToSearch" description="Product by Search" data-provider="product" finished-at="2023-06-15T01:23:09 IST" duration-ms="7585" status="PASS">
          <params>
            <param index="0">
              <value>
                <![CDATA[MacBook]]>
              </value>
            </param>
          </params>
          <reporter-output>
          </reporter-output>
        </test-method> <!-- EnterProductToSearch -->
        <test-method is-config="true" signature="tearDown()[pri:0, instance:WorkSample.WorkSample.ProductViaSearchTest@245b4bdc]" started-at="2023-06-15T01:23:09 IST" name="tearDown" finished-at="2023-06-15T01:23:10 IST" duration-ms="774" status="PASS">
          <reporter-output>
          </reporter-output>
        </test-method> <!-- tearDown -->
      </class> <!-- WorkSample.WorkSample.ProductViaSearchTest -->
      <class name="WorkSample.WorkSample.ProductViaCategoryTest">
        <test-method is-config="true" signature="setup()[pri:0, instance:WorkSample.WorkSample.ProductViaCategoryTest@5b239d7d]" started-at="2023-06-15T01:22:51 IST" name="setup" finished-at="2023-06-15T01:23:00 IST" duration-ms="9428" status="PASS">
          <reporter-output>
          </reporter-output>
        </test-method> <!-- setup -->
        <test-method signature="EnterPrice(java.lang.String,java.lang.String)[pri:0, instance:WorkSample.WorkSample.ProductViaCategoryTest@5b239d7d]" started-at="2023-06-15T01:23:02 IST" name="EnterPrice" description="Product by Category" data-provider="price" finished-at="2023-06-15T01:23:19 IST" duration-ms="17305" status="PASS">
          <params>
            <param index="0">
              <value>
                <![CDATA[100.0]]>
              </value>
            </param>
            <param index="1">
              <value>
                <![CDATA[1000.0]]>
              </value>
            </param>
          </params>
          <reporter-output>
          </reporter-output>
        </test-method> <!-- EnterPrice -->
        <test-method is-config="true" signature="tearDown()[pri:0, instance:WorkSample.WorkSample.ProductViaCategoryTest@5b239d7d]" started-at="2023-06-15T01:23:19 IST" name="tearDown" finished-at="2023-06-15T01:23:19 IST" duration-ms="433" status="PASS">
          <reporter-output>
          </reporter-output>
        </test-method> <!-- tearDown -->
      </class> <!-- WorkSample.WorkSample.ProductViaCategoryTest -->
    </test> <!-- Test -->
  </suite> <!-- Suite -->
</testng-results>
