<?xml version="1.0" encoding="UTF-8"?>
<testng-results ignored="0" total="1" passed="1" failed="0" skipped="0">
  <reporter-output>
  </reporter-output>
  <suite started-at="2023-06-19T16:36:56 IST" name="Default suite" finished-at="2023-06-19T16:37:11 IST" duration-ms="15425">
    <groups>
    </groups>
    <test started-at="2023-06-19T16:36:56 IST" name="Default test" finished-at="2023-06-19T16:37:11 IST" duration-ms="15425">
      <class name="WorkSample.WorkSample.ProductViaSearchTest">
        <test-method is-config="true" signature="setup()[pri:0, instance:WorkSample.WorkSample.ProductViaSearchTest@245b4bdc]" started-at="2023-06-19T16:36:56 IST" name="setup" finished-at="2023-06-19T16:37:01 IST" duration-ms="5253" status="PASS">
          <reporter-output>
          </reporter-output>
        </test-method> <!-- setup -->
        <test-method signature="EnterProductToSearch(java.lang.String)[pri:0, instance:WorkSample.WorkSample.ProductViaSearchTest@245b4bdc]" started-at="2023-06-19T16:37:03 IST" name="EnterProductToSearch" description="Product by Search" data-provider="product" finished-at="2023-06-19T16:37:11 IST" duration-ms="8546" status="PASS">
          <params>
            <param index="0">
              <value>
                <![CDATA[MacBook]]>
              </value>
            </param>
          </params>
          <reporter-output>
          </reporter-output>
        </test-method> <!-- EnterProductToSearch -->
        <test-method is-config="true" signature="tearDown()[pri:0, instance:WorkSample.WorkSample.ProductViaSearchTest@245b4bdc]" started-at="2023-06-19T16:37:11 IST" name="tearDown" finished-at="2023-06-19T16:37:11 IST" duration-ms="408" status="PASS">
          <reporter-output>
          </reporter-output>
        </test-method> <!-- tearDown -->
      </class> <!-- WorkSample.WorkSample.ProductViaSearchTest -->
    </test> <!-- Default test -->
  </suite> <!-- Default suite -->
</testng-results>
